<?xml version="1.0" encoding="UTF-8"?>
<robot generator="Robot 7.1.1 (Python 3.13.1 on win32)" generated="2025-02-03T17:20:03.298446" rpa="false" schemaversion="5">
<suite id="s1" name="loginPage" source="D:\HMIS-Automation\AfyanguV2\Test\loginPage.robot">
<kw name="Open Browser To Login Page" type="SETUP">
<kw name="Open Browser" owner="SeleniumLibrary">
<msg time="2025-02-03T17:20:03.819951" level="INFO">Opening browser 'chrome' to base url 'https://afyangu.kenya-hie.health/'.</msg>
<arg>${URL}</arg>
<arg>${BROWSER}</arg>
<doc>Opens a new browser instance to the optional ``url``.</doc>
<status status="PASS" start="2025-02-03T17:20:03.819656" elapsed="6.508452"/>
</kw>
<kw name="Maximize Browser Window" owner="SeleniumLibrary">
<doc>Maximizes current browser window.</doc>
<status status="PASS" start="2025-02-03T17:20:10.328616" elapsed="0.042939"/>
</kw>
<status status="PASS" start="2025-02-03T17:20:03.818898" elapsed="6.553062"/>
</kw>
<test id="s1-t1" name="Valid Login Task" line="10">
<kw name="Perform Login">
<kw name="Sleep" owner="BuiltIn">
<msg time="2025-02-03T17:20:15.375552" level="INFO">Slept 5 seconds.</msg>
<arg>5s</arg>
<doc>Pauses the test executed for the given time.</doc>
<status status="PASS" start="2025-02-03T17:20:10.374762" elapsed="5.000916"/>
</kw>
<kw name="Click Element" owner="SeleniumLibrary">
<msg time="2025-02-03T17:20:15.376366" level="INFO">Clicking element 'xpath:/html/body/div/header/div[2]/div[2]/button[1]'.</msg>
<arg>${LOGIN_BUTTON}</arg>
<doc>Click the element identified by ``locator``.</doc>
<status status="PASS" start="2025-02-03T17:20:15.375899" elapsed="0.096493"/>
</kw>
<kw name="Sleep" owner="BuiltIn">
<msg time="2025-02-03T17:20:17.473096" level="INFO">Slept 2 seconds.</msg>
<arg>2s</arg>
<doc>Pauses the test executed for the given time.</doc>
<status status="PASS" start="2025-02-03T17:20:15.472595" elapsed="2.000679"/>
</kw>
<kw name="Input Text" owner="SeleniumLibrary">
<msg time="2025-02-03T17:20:17.474119" level="INFO">Typing text '36401812' into text field 'xpath:/html/body/div/div[2]/div/form/div[3]/div[2]/input'.</msg>
<arg>${ID_INPUT}</arg>
<arg>${id}</arg>
<doc>Types the given ``text`` into the text field identified by ``locator``.</doc>
<status status="PASS" start="2025-02-03T17:20:17.473633" elapsed="0.216145"/>
</kw>
<kw name="Input Text" owner="SeleniumLibrary">
<msg time="2025-02-03T17:20:17.690599" level="INFO">Typing text '1234' into text field 'xpath:/html/body/div/div[2]/div/form/div[5]/div[1]/div[2]/input'.</msg>
<arg>${PIN_INPUT_LOGIN}</arg>
<arg>${pin}</arg>
<doc>Types the given ``text`` into the text field identified by ``locator``.</doc>
<status status="PASS" start="2025-02-03T17:20:17.690137" elapsed="0.148447"/>
</kw>
<kw name="Click Element" owner="SeleniumLibrary">
<msg time="2025-02-03T17:20:17.839739" level="INFO">Clicking element 'xpath:/html/body/div/div[2]/div/form/div[5]/div[2]/img'.</msg>
<arg>${HIDE_PASSWORD_LOGIN}</arg>
<doc>Click the element identified by ``locator``.</doc>
<status status="PASS" start="2025-02-03T17:20:17.839157" elapsed="0.125775"/>
</kw>
<kw name="Sleep" owner="BuiltIn">
<msg time="2025-02-03T17:20:19.966146" level="INFO">Slept 2 seconds.</msg>
<arg>2s</arg>
<doc>Pauses the test executed for the given time.</doc>
<status status="PASS" start="2025-02-03T17:20:17.965335" elapsed="2.000960"/>
</kw>
<kw name="Click Element" owner="SeleniumLibrary">
<msg time="2025-02-03T17:20:19.966849" level="INFO">Clicking element 'xpath:/html/body/div/div[2]/div/form/button'.</msg>
<arg>${SEND_CODE_BUTTON_LOGIN}</arg>
<doc>Click the element identified by ``locator``.</doc>
<status status="PASS" start="2025-02-03T17:20:19.966579" elapsed="0.106626"/>
</kw>
<arg>${VALID_ID}</arg>
<arg>${VALID_PIN}</arg>
<doc>Logs in using the provided ID and PIN.</doc>
<status status="PASS" start="2025-02-03T17:20:10.373867" elapsed="9.699518"/>
</kw>
<kw name="Verify OTP Manually">
<kw name="Get Value From User" owner="Dialogs">
<msg time="2025-02-03T17:20:35.212020" level="INFO">${otp} = 46292</msg>
<var>${otp}</var>
<arg>Please enter the OTP:</arg>
<doc>Pauses execution and asks user to input a value.</doc>
<status status="PASS" start="2025-02-03T17:20:20.074095" elapsed="15.138021"/>
</kw>
<kw name="Input Text" owner="SeleniumLibrary">
<msg time="2025-02-03T17:20:35.213524" level="INFO">Typing text '46292' into text field 'xpath:/html/body/div/main/div/div[2]/div/form/div[1]/div/div/div[2]/input'.</msg>
<arg>${OTP_INPUT_LOGIN}</arg>
<arg>${otp}</arg>
<doc>Types the given ``text`` into the text field identified by ``locator``.</doc>
<status status="PASS" start="2025-02-03T17:20:35.212695" elapsed="0.205275"/>
</kw>
<kw name="Sleep" owner="BuiltIn">
<msg time="2025-02-03T17:20:38.419839" level="INFO">Slept 3 seconds.</msg>
<arg>3s</arg>
<doc>Pauses the test executed for the given time.</doc>
<status status="PASS" start="2025-02-03T17:20:35.418849" elapsed="3.001118"/>
</kw>
<kw name="Click Element" owner="SeleniumLibrary">
<msg time="2025-02-03T17:20:38.420484" level="INFO">Clicking element 'xpath:/html/body/div/main/div/div[2]/div/form/div[2]/button[2]'.</msg>
<arg>${OTP_PROCEED_BUTTON}</arg>
<doc>Click the element identified by ``locator``.</doc>
<status status="PASS" start="2025-02-03T17:20:38.420177" elapsed="0.097538"/>
</kw>
<kw name="Sleep" owner="BuiltIn">
<msg time="2025-02-03T17:20:45.519318" level="INFO">Slept 7 seconds.</msg>
<arg>7s</arg>
<doc>Pauses the test executed for the given time.</doc>
<status status="PASS" start="2025-02-03T17:20:38.518082" elapsed="7.001917"/>
</kw>
<doc>Prompts the user to manually enter the OTP and proceeds.</doc>
<status status="PASS" start="2025-02-03T17:20:20.073794" elapsed="25.447065"/>
</kw>
<kw name="Sleep" owner="BuiltIn">
<msg time="2025-02-03T17:20:50.527411" level="INFO">Slept 5 seconds.</msg>
<arg>5s</arg>
<doc>Pauses the test executed for the given time.</doc>
<status status="PASS" start="2025-02-03T17:20:45.525598" elapsed="5.002465"/>
</kw>
<kw name="Close Browser" owner="SeleniumLibrary">
<doc>Closes the current browser.</doc>
<status status="PASS" start="2025-02-03T17:20:50.529774" elapsed="2.397677"/>
</kw>
<doc>Executes the login page steps with a Valid ID and Valid OTP verification.</doc>
<tag>login</tag>
<tag>Valid_ID</tag>
<tag>Valid_OTP</tag>
<status status="PASS" start="2025-02-03T17:20:10.372235" elapsed="42.556153"/>
</test>
<test id="s1-t2" name="Invalid ID Task" line="18">
<kw name="Open Browser To Login Page">
<kw name="Open Browser" owner="SeleniumLibrary">
<msg time="2025-02-03T17:20:52.932616" level="INFO">Opening browser 'chrome' to base url 'https://afyangu.kenya-hie.health/'.</msg>
<arg>${URL}</arg>
<arg>${BROWSER}</arg>
<doc>Opens a new browser instance to the optional ``url``.</doc>
<status status="PASS" start="2025-02-03T17:20:52.931934" elapsed="3.628939"/>
</kw>
<kw name="Maximize Browser Window" owner="SeleniumLibrary">
<doc>Maximizes current browser window.</doc>
<status status="PASS" start="2025-02-03T17:20:56.561511" elapsed="0.079538"/>
</kw>
<status status="PASS" start="2025-02-03T17:20:52.931138" elapsed="3.710112"/>
</kw>
<kw name="Perform Login">
<kw name="Sleep" owner="BuiltIn">
<msg time="2025-02-03T17:21:01.646911" level="INFO">Slept 5 seconds.</msg>
<arg>5s</arg>
<doc>Pauses the test executed for the given time.</doc>
<status status="PASS" start="2025-02-03T17:20:56.642800" elapsed="5.004321"/>
</kw>
<kw name="Click Element" owner="SeleniumLibrary">
<msg time="2025-02-03T17:21:01.647958" level="INFO">Clicking element 'xpath:/html/body/div/header/div[2]/div[2]/button[1]'.</msg>
<arg>${LOGIN_BUTTON}</arg>
<doc>Click the element identified by ``locator``.</doc>
<status status="PASS" start="2025-02-03T17:21:01.647468" elapsed="0.155371"/>
</kw>
<kw name="Sleep" owner="BuiltIn">
<msg time="2025-02-03T17:21:03.804251" level="INFO">Slept 2 seconds.</msg>
<arg>2s</arg>
<doc>Pauses the test executed for the given time.</doc>
<status status="PASS" start="2025-02-03T17:21:01.803259" elapsed="2.001697"/>
</kw>
<kw name="Input Text" owner="SeleniumLibrary">
<msg time="2025-02-03T17:21:03.806575" level="INFO">Typing text '12345678910' into text field 'xpath:/html/body/div/div[2]/div/form/div[3]/div[2]/input'.</msg>
<arg>${ID_INPUT}</arg>
<arg>${id}</arg>
<doc>Types the given ``text`` into the text field identified by ``locator``.</doc>
<status status="PASS" start="2025-02-03T17:21:03.805487" elapsed="0.267464"/>
</kw>
<kw name="Input Text" owner="SeleniumLibrary">
<msg time="2025-02-03T17:21:04.073776" level="INFO">Typing text '1234' into text field 'xpath:/html/body/div/div[2]/div/form/div[5]/div[1]/div[2]/input'.</msg>
<arg>${PIN_INPUT_LOGIN}</arg>
<arg>${pin}</arg>
<doc>Types the given ``text`` into the text field identified by ``locator``.</doc>
<status status="PASS" start="2025-02-03T17:21:04.073301" elapsed="0.219455"/>
</kw>
<kw name="Click Element" owner="SeleniumLibrary">
<msg time="2025-02-03T17:21:04.293522" level="INFO">Clicking element 'xpath:/html/body/div/div[2]/div/form/div[5]/div[2]/img'.</msg>
<arg>${HIDE_PASSWORD_LOGIN}</arg>
<doc>Click the element identified by ``locator``.</doc>
<status status="PASS" start="2025-02-03T17:21:04.293096" elapsed="0.200857"/>
</kw>
<kw name="Sleep" owner="BuiltIn">
<msg time="2025-02-03T17:21:06.495540" level="INFO">Slept 2 seconds.</msg>
<arg>2s</arg>
<doc>Pauses the test executed for the given time.</doc>
<status status="PASS" start="2025-02-03T17:21:04.494478" elapsed="2.001380"/>
</kw>
<kw name="Click Element" owner="SeleniumLibrary">
<msg time="2025-02-03T17:21:06.496794" level="INFO">Clicking element 'xpath:/html/body/div/div[2]/div/form/button'.</msg>
<arg>${SEND_CODE_BUTTON_LOGIN}</arg>
<doc>Click the element identified by ``locator``.</doc>
<status status="PASS" start="2025-02-03T17:21:06.496363" elapsed="0.161241"/>
</kw>
<arg>${INVALID_ID}</arg>
<arg>${VALID_PIN}</arg>
<doc>Logs in using the provided ID and PIN.</doc>
<status status="PASS" start="2025-02-03T17:20:56.641880" elapsed="10.015911"/>
</kw>
<kw name="Wait Until Element Is Visible" owner="SeleniumLibrary">
<arg>${INVALID_ID_ERROR}</arg>
<arg>timeout=5s</arg>
<doc>Waits until the element ``locator`` is visible.</doc>
<status status="PASS" start="2025-02-03T17:21:06.658417" elapsed="1.642266"/>
</kw>
<kw name="Capture Page Screenshot" owner="SeleniumLibrary">
<msg time="2025-02-03T17:21:08.524228" level="INFO" html="true">&lt;/td&gt;&lt;/tr&gt;&lt;tr&gt;&lt;td colspan="3"&gt;&lt;a href="Invalid_ID_Error.png"&gt;&lt;img src="Invalid_ID_Error.png" width="800px"&gt;&lt;/a&gt;</msg>
<arg>Invalid_ID_Error.png</arg>
<doc>Takes a screenshot of the current page and embeds it into a log file.</doc>
<status status="PASS" start="2025-02-03T17:21:08.301335" elapsed="0.223077"/>
</kw>
<kw name="Close Browser" owner="SeleniumLibrary">
<doc>Closes the current browser.</doc>
<status status="PASS" start="2025-02-03T17:21:08.524830" elapsed="2.353264"/>
</kw>
<doc>Attempts login with an Invalid ID and verifies the error message.</doc>
<tag>Invalid_ID</tag>
<tag>login</tag>
<status status="PASS" start="2025-02-03T17:20:52.929934" elapsed="17.949455"/>
</test>
<test id="s1-t3" name="Invalid PIN Task" line="28">
<kw name="Open Browser To Login Page">
<kw name="Open Browser" owner="SeleniumLibrary">
<msg time="2025-02-03T17:21:10.889279" level="INFO">Opening browser 'chrome' to base url 'https://afyangu.kenya-hie.health/'.</msg>
<arg>${URL}</arg>
<arg>${BROWSER}</arg>
<doc>Opens a new browser instance to the optional ``url``.</doc>
<status status="PASS" start="2025-02-03T17:21:10.887841" elapsed="2.951389"/>
</kw>
<kw name="Maximize Browser Window" owner="SeleniumLibrary">
<doc>Maximizes current browser window.</doc>
<status status="PASS" start="2025-02-03T17:21:13.839691" elapsed="0.148225"/>
</kw>
<status status="PASS" start="2025-02-03T17:21:10.885210" elapsed="3.102923"/>
</kw>
<kw name="Perform Login">
<kw name="Sleep" owner="BuiltIn">
<msg time="2025-02-03T17:21:18.990342" level="INFO">Slept 5 seconds.</msg>
<arg>5s</arg>
<doc>Pauses the test executed for the given time.</doc>
<status status="PASS" start="2025-02-03T17:21:13.989603" elapsed="5.001265"/>
</kw>
<kw name="Click Element" owner="SeleniumLibrary">
<msg time="2025-02-03T17:21:18.993756" level="INFO">Clicking element 'xpath:/html/body/div/header/div[2]/div[2]/button[1]'.</msg>
<arg>${LOGIN_BUTTON}</arg>
<doc>Click the element identified by ``locator``.</doc>
<status status="PASS" start="2025-02-03T17:21:18.992197" elapsed="0.291426"/>
</kw>
<kw name="Sleep" owner="BuiltIn">
<msg time="2025-02-03T17:21:21.284954" level="INFO">Slept 2 seconds.</msg>
<arg>2s</arg>
<doc>Pauses the test executed for the given time.</doc>
<status status="PASS" start="2025-02-03T17:21:19.284019" elapsed="2.001157"/>
</kw>
<kw name="Input Text" owner="SeleniumLibrary">
<msg time="2025-02-03T17:21:21.286153" level="INFO">Typing text '36401812' into text field 'xpath:/html/body/div/div[2]/div/form/div[3]/div[2]/input'.</msg>
<arg>${ID_INPUT}</arg>
<arg>${id}</arg>
<doc>Types the given ``text`` into the text field identified by ``locator``.</doc>
<status status="PASS" start="2025-02-03T17:21:21.285560" elapsed="0.338551"/>
</kw>
<kw name="Input Text" owner="SeleniumLibrary">
<msg time="2025-02-03T17:21:21.625006" level="INFO">Typing text '9999' into text field 'xpath:/html/body/div/div[2]/div/form/div[5]/div[1]/div[2]/input'.</msg>
<arg>${PIN_INPUT_LOGIN}</arg>
<arg>${pin}</arg>
<doc>Types the given ``text`` into the text field identified by ``locator``.</doc>
<status status="PASS" start="2025-02-03T17:21:21.624445" elapsed="0.240242"/>
</kw>
<kw name="Click Element" owner="SeleniumLibrary">
<msg time="2025-02-03T17:21:21.865713" level="INFO">Clicking element 'xpath:/html/body/div/div[2]/div/form/div[5]/div[2]/img'.</msg>
<arg>${HIDE_PASSWORD_LOGIN}</arg>
<doc>Click the element identified by ``locator``.</doc>
<status status="PASS" start="2025-02-03T17:21:21.865184" elapsed="0.235928"/>
</kw>
<kw name="Sleep" owner="BuiltIn">
<msg time="2025-02-03T17:21:24.103506" level="INFO">Slept 2 seconds.</msg>
<arg>2s</arg>
<doc>Pauses the test executed for the given time.</doc>
<status status="PASS" start="2025-02-03T17:21:22.101988" elapsed="2.002031"/>
</kw>
<kw name="Click Element" owner="SeleniumLibrary">
<msg time="2025-02-03T17:21:24.105527" level="INFO">Clicking element 'xpath:/html/body/div/div[2]/div/form/button'.</msg>
<arg>${SEND_CODE_BUTTON_LOGIN}</arg>
<doc>Click the element identified by ``locator``.</doc>
<status status="PASS" start="2025-02-03T17:21:24.104670" elapsed="0.259071"/>
</kw>
<arg>${VALID_ID}</arg>
<arg>${INVALID_PIN}</arg>
<doc>Logs in using the provided ID and PIN.</doc>
<status status="PASS" start="2025-02-03T17:21:13.988807" elapsed="10.375151"/>
</kw>
<kw name="Wait Until Element Is Visible" owner="SeleniumLibrary">
<arg>${INVALID_ID_ERROR}</arg>
<arg>timeout=5s</arg>
<doc>Waits until the element ``locator`` is visible.</doc>
<status status="PASS" start="2025-02-03T17:21:24.364515" elapsed="1.528038"/>
</kw>
<kw name="Capture Page Screenshot" owner="SeleniumLibrary">
<msg time="2025-02-03T17:21:26.157940" level="INFO" html="true">&lt;/td&gt;&lt;/tr&gt;&lt;tr&gt;&lt;td colspan="3"&gt;&lt;a href="Invalid_PIN_Error.png"&gt;&lt;img src="Invalid_PIN_Error.png" width="800px"&gt;&lt;/a&gt;</msg>
<arg>Invalid_PIN_Error.png</arg>
<doc>Takes a screenshot of the current page and embeds it into a log file.</doc>
<status status="PASS" start="2025-02-03T17:21:25.893243" elapsed="0.264928"/>
</kw>
<kw name="Close Browser" owner="SeleniumLibrary">
<doc>Closes the current browser.</doc>
<status status="PASS" start="2025-02-03T17:21:26.158810" elapsed="2.337791"/>
</kw>
<doc>Attempts login with a Valid ID but an Invalid PIN.</doc>
<tag>Invalid_PIN</tag>
<tag>login</tag>
<status status="PASS" start="2025-02-03T17:21:10.881679" elapsed="17.616310"/>
</test>
<test id="s1-t4" name="Invalid OTP Task" line="37">
<kw name="Open Browser To Login Page">
<kw name="Open Browser" owner="SeleniumLibrary">
<msg time="2025-02-03T17:21:28.506476" level="INFO">Opening browser 'chrome' to base url 'https://afyangu.kenya-hie.health/'.</msg>
<arg>${URL}</arg>
<arg>${BROWSER}</arg>
<doc>Opens a new browser instance to the optional ``url``.</doc>
<status status="PASS" start="2025-02-03T17:21:28.505054" elapsed="3.383383"/>
</kw>
<kw name="Maximize Browser Window" owner="SeleniumLibrary">
<doc>Maximizes current browser window.</doc>
<status status="PASS" start="2025-02-03T17:21:31.888917" elapsed="0.222875"/>
</kw>
<status status="PASS" start="2025-02-03T17:21:28.502812" elapsed="3.609363"/>
</kw>
<kw name="Perform Login">
<kw name="Sleep" owner="BuiltIn">
<msg time="2025-02-03T17:21:37.168021" level="INFO">Slept 5 seconds.</msg>
<arg>5s</arg>
<doc>Pauses the test executed for the given time.</doc>
<status status="PASS" start="2025-02-03T17:21:32.166850" elapsed="5.001530"/>
</kw>
<kw name="Click Element" owner="SeleniumLibrary">
<msg time="2025-02-03T17:21:37.170317" level="INFO">Clicking element 'xpath:/html/body/div/header/div[2]/div[2]/button[1]'.</msg>
<arg>${LOGIN_BUTTON}</arg>
<doc>Click the element identified by ``locator``.</doc>
<status status="PASS" start="2025-02-03T17:21:37.169116" elapsed="0.190044"/>
</kw>
<kw name="Sleep" owner="BuiltIn">
<msg time="2025-02-03T17:21:39.360672" level="INFO">Slept 2 seconds.</msg>
<arg>2s</arg>
<doc>Pauses the test executed for the given time.</doc>
<status status="PASS" start="2025-02-03T17:21:37.359387" elapsed="2.001686"/>
</kw>
<kw name="Input Text" owner="SeleniumLibrary">
<msg time="2025-02-03T17:21:39.362730" level="INFO">Typing text '36401812' into text field 'xpath:/html/body/div/div[2]/div/form/div[3]/div[2]/input'.</msg>
<arg>${ID_INPUT}</arg>
<arg>${id}</arg>
<doc>Types the given ``text`` into the text field identified by ``locator``.</doc>
<status status="PASS" start="2025-02-03T17:21:39.361742" elapsed="0.287458"/>
</kw>
<kw name="Input Text" owner="SeleniumLibrary">
<msg time="2025-02-03T17:21:39.650005" level="INFO">Typing text '1234' into text field 'xpath:/html/body/div/div[2]/div/form/div[5]/div[1]/div[2]/input'.</msg>
<arg>${PIN_INPUT_LOGIN}</arg>
<arg>${pin}</arg>
<doc>Types the given ``text`` into the text field identified by ``locator``.</doc>
<status status="PASS" start="2025-02-03T17:21:39.649530" elapsed="0.220342"/>
</kw>
<kw name="Click Element" owner="SeleniumLibrary">
<msg time="2025-02-03T17:21:39.871278" level="INFO">Clicking element 'xpath:/html/body/div/div[2]/div/form/div[5]/div[2]/img'.</msg>
<arg>${HIDE_PASSWORD_LOGIN}</arg>
<doc>Click the element identified by ``locator``.</doc>
<status status="PASS" start="2025-02-03T17:21:39.870724" elapsed="0.169849"/>
</kw>
<kw name="Sleep" owner="BuiltIn">
<msg time="2025-02-03T17:21:42.041717" level="INFO">Slept 2 seconds.</msg>
<arg>2s</arg>
<doc>Pauses the test executed for the given time.</doc>
<status status="PASS" start="2025-02-03T17:21:40.040825" elapsed="2.001175"/>
</kw>
<kw name="Click Element" owner="SeleniumLibrary">
<msg time="2025-02-03T17:21:42.043186" level="INFO">Clicking element 'xpath:/html/body/div/div[2]/div/form/button'.</msg>
<arg>${SEND_CODE_BUTTON_LOGIN}</arg>
<doc>Click the element identified by ``locator``.</doc>
<status status="PASS" start="2025-02-03T17:21:42.042515" elapsed="0.152028"/>
</kw>
<arg>${VALID_ID}</arg>
<arg>${VALID_PIN}</arg>
<doc>Logs in using the provided ID and PIN.</doc>
<status status="PASS" start="2025-02-03T17:21:32.166047" elapsed="10.028641"/>
</kw>
<kw name="Verify OTP Manually">
<kw name="Get Value From User" owner="Dialogs">
<msg time="2025-02-03T17:21:47.934161" level="INFO">${otp} = 987640</msg>
<var>${otp}</var>
<arg>Please enter the OTP:</arg>
<doc>Pauses execution and asks user to input a value.</doc>
<status status="PASS" start="2025-02-03T17:21:42.195563" elapsed="5.738702"/>
</kw>
<kw name="Input Text" owner="SeleniumLibrary">
<msg time="2025-02-03T17:21:47.937302" level="INFO">Typing text '987640' into text field 'xpath:/html/body/div/main/div/div[2]/div/form/div[1]/div/div/div[2]/input'.</msg>
<arg>${OTP_INPUT_LOGIN}</arg>
<arg>${otp}</arg>
<doc>Types the given ``text`` into the text field identified by ``locator``.</doc>
<status status="PASS" start="2025-02-03T17:21:47.936243" elapsed="0.327059"/>
</kw>
<kw name="Sleep" owner="BuiltIn">
<msg time="2025-02-03T17:21:51.266819" level="INFO">Slept 3 seconds.</msg>
<arg>3s</arg>
<doc>Pauses the test executed for the given time.</doc>
<status status="PASS" start="2025-02-03T17:21:48.263768" elapsed="3.003529"/>
</kw>
<kw name="Click Element" owner="SeleniumLibrary">
<msg time="2025-02-03T17:21:51.269257" level="INFO">Clicking element 'xpath:/html/body/div/main/div/div[2]/div/form/div[2]/button[2]'.</msg>
<arg>${OTP_PROCEED_BUTTON}</arg>
<doc>Click the element identified by ``locator``.</doc>
<status status="PASS" start="2025-02-03T17:21:51.268120" elapsed="0.184949"/>
</kw>
<kw name="Sleep" owner="BuiltIn">
<msg time="2025-02-03T17:21:58.454347" level="INFO">Slept 7 seconds.</msg>
<arg>7s</arg>
<doc>Pauses the test executed for the given time.</doc>
<status status="PASS" start="2025-02-03T17:21:51.453442" elapsed="7.001413"/>
</kw>
<doc>Prompts the user to manually enter the OTP and proceeds.</doc>
<status status="PASS" start="2025-02-03T17:21:42.195244" elapsed="16.260137"/>
</kw>
<kw name="Sleep" owner="BuiltIn">
<msg time="2025-02-03T17:22:03.459098" level="INFO">Slept 5 seconds.</msg>
<arg>5s</arg>
<doc>Pauses the test executed for the given time.</doc>
<status status="PASS" start="2025-02-03T17:21:58.456718" elapsed="5.002873"/>
</kw>
<kw name="Capture Page Screenshot" owner="SeleniumLibrary">
<msg time="2025-02-03T17:22:03.581317" level="INFO" html="true">&lt;/td&gt;&lt;/tr&gt;&lt;tr&gt;&lt;td colspan="3"&gt;&lt;a href="Invalid_OTP.png"&gt;&lt;img src="Invalid_OTP.png" width="800px"&gt;&lt;/a&gt;</msg>
<arg>Invalid_OTP.png</arg>
<doc>Takes a screenshot of the current page and embeds it into a log file.</doc>
<status status="PASS" start="2025-02-03T17:22:03.461118" elapsed="0.120375"/>
</kw>
<kw name="Close Browser" owner="SeleniumLibrary">
<doc>Closes the current browser.</doc>
<status status="PASS" start="2025-02-03T17:22:03.581971" elapsed="2.355326"/>
</kw>
<doc>Executes login with a Valid ID and PIN but an Invalid OTP.</doc>
<tag>Invalid_OTP</tag>
<tag>login</tag>
<tag>Used_OTP</tag>
<status status="PASS" start="2025-02-03T17:21:28.500435" elapsed="37.438346"/>
</test>
<kw name="Close Browser" owner="SeleniumLibrary" type="TEARDOWN">
<doc>Closes the current browser.</doc>
<status status="PASS" start="2025-02-03T17:22:05.943699" elapsed="0.001642"/>
</kw>
<status status="PASS" start="2025-02-03T17:20:03.300595" elapsed="122.645236"/>
</suite>
<statistics>
<total>
<stat pass="4" fail="0" skip="0">All Tests</stat>
</total>
<tag>
<stat pass="1" fail="0" skip="0">Invalid_ID</stat>
<stat pass="1" fail="0" skip="0">Invalid_OTP</stat>
<stat pass="1" fail="0" skip="0">Invalid_PIN</stat>
<stat pass="4" fail="0" skip="0">login</stat>
<stat pass="1" fail="0" skip="0">Used_OTP</stat>
<stat pass="1" fail="0" skip="0">Valid_ID</stat>
<stat pass="1" fail="0" skip="0">Valid_OTP</stat>
</tag>
<suite>
<stat pass="4" fail="0" skip="0" id="s1" name="loginPage">loginPage</stat>
</suite>
</statistics>
<errors>
</errors>
</robot>
